<?xml version="1.0" encoding="UTF-8"?>
<testsuite name="com.utils.ValidationUtilTest" tests="2" skipped="0" failures="0" errors="0" timestamp="2026-05-22T07:36:10.309Z" hostname="MIKE" time="0.007">
  <properties/>
  <testcase name="testPasswordStrength()" classname="com.utils.ValidationUtilTest" time="0.004"/>
  <testcase name="testEmailValidation()" classname="com.utils.ValidationUtilTest" time="0.001"/>
  <system-out><![CDATA[]]></system-out>
  <system-err><![CDATA[]]></system-err>
</testsuite>
