<?xml version="1.0" encoding="UTF-8"?>
<testsuite name="com.utils.RegisterServiceTest" tests="3" skipped="0" failures="0" errors="0" timestamp="2026-07-07T06:09:28.023Z" hostname="MIKE" time="0.012">
  <properties/>
  <testcase name="testEmailAlreadyTaken()" classname="com.utils.RegisterServiceTest" time="0.004"/>
  <testcase name="testWeakPasswordFailsEarly()" classname="com.utils.RegisterServiceTest" time="0.002"/>
  <testcase name="testSuccessfulRegistration()" classname="com.utils.RegisterServiceTest" time="0.003"/>
  <system-out><![CDATA[]]></system-out>
  <system-err><![CDATA[]]></system-err>
</testsuite>
