<?xml version="1.0" encoding="UTF-8"?>
<testsuite name="com.utils.AppointmentServiceTest" tests="7" skipped="0" failures="0" errors="0" timestamp="2026-07-07T06:09:27.889Z" hostname="MIKE" time="0.115">
  <properties/>
  <testcase name="testBookingWithoutBarber()" classname="com.utils.AppointmentServiceTest" time="0.08"/>
  <testcase name="testBookingWithPastDate()" classname="com.utils.AppointmentServiceTest" time="0.015"/>
  <testcase name="testSuccessfulBooking()" classname="com.utils.AppointmentServiceTest" time="0.003"/>
  <testcase name="testGetCustomerAppointments()" classname="com.utils.AppointmentServiceTest" time="0.003"/>
  <testcase name="testGetBarbers()" classname="com.utils.AppointmentServiceTest" time="0.004"/>
  <testcase name="testAddAvailabilityNotChecked()" classname="com.utils.AppointmentServiceTest" time="0.002"/>
  <testcase name="testAddAvailabilitySuccess()" classname="com.utils.AppointmentServiceTest" time="0.003"/>
  <system-out><![CDATA[]]></system-out>
  <system-err><![CDATA[]]></system-err>
</testsuite>
